<?xml version="1.0" encoding="UTF-8"?>
<!-- Generated by org.testng.reporters.JUnitReportReporter -->
<testsuite hostname="LAPTOP-HNMOG848" failures="0" tests="3" name="RurbanCoTestAutomation.RurbancoTest.AdminLoginPageTest" time="42.889" errors="0" timestamp="2021-03-13T19:56:04 IST" skipped="0">
  <testcase classname="RurbanCoTestAutomation.RurbancoTest.AdminLoginPageTest" name="LoginPageTitlePage" time="10.720"/>
  <system-out/>
  <testcase classname="RurbanCoTestAutomation.RurbancoTest.AdminLoginPageTest" name="logo" time="17.649"/>
  <system-out/>
  <testcase classname="RurbanCoTestAutomation.RurbancoTest.AdminLoginPageTest" name="LoginTest" time="14.520"/>
  <system-out/>
</testsuite> <!-- RurbanCoTestAutomation.RurbancoTest.AdminLoginPageTest -->
